Building DAG of jobs...
Retrieving input from storage.
Using shell: /usr/bin/bash
Provided cores: 1 (use --cores to define parallelism)
Rules claiming more threads will be scaled down.
Job stats:
job               count
--------------  -------
all                   1
tRNAscan              1
tRNAscan_stats        1
total                 3

Select jobs to execute...
Execute 1 jobs...

[Sat Dec 23 13:42:12 2023]
localrule tRNAscan_stats:
    input: resource/G_intestinalis.fasta
    output: output/G_intestinalis.tRNA, output/G_intestinalis.stats
    jobid: 2
    reason: Missing output files: output/G_intestinalis.tRNA
    resources: tmpdir=/tmp

Activating conda environment: .snakemake/conda/99829d99be0d8fee17af1178a8131fb5_
Activating conda environment: .snakemake/conda/99829d99be0d8fee17af1178a8131fb5_
RuleException:
CalledProcessError in file /home/alperen_uysal/projects_ubuntu/alperen_miuul/Snakefile, line 21:
Command 'source /home/alperen_uysal/miniconda3/bin/activate '/home/alperen_uysal/projects_ubuntu/alperen_miuul/.snakemake/conda/99829d99be0d8fee17af1178a8131fb5_'; set -euo pipefail;  python /home/alperen_uysal/projects_ubuntu/alperen_miuul/.snakemake/scripts/tmpozv7rjtc.tRNAscan_stats.py' returned non-zero exit status 1.
[Sat Dec 23 13:42:12 2023]
Error in rule tRNAscan_stats:
    jobid: 2
    input: resource/G_intestinalis.fasta
    output: output/G_intestinalis.tRNA, output/G_intestinalis.stats
    conda-env: /home/alperen_uysal/projects_ubuntu/alperen_miuul/.snakemake/conda/99829d99be0d8fee17af1178a8131fb5_

Shutting down, this might take some time.
Exiting because a job execution failed. Look above for error message
Complete log: .snakemake/log/2023-12-23T134210.748759.snakemake.log
WorkflowError:
At least one job did not complete successfully.
