Building DAG of jobs...
Retrieving input from storage.
Using shell: /usr/bin/bash
Provided cores: 1 (use --cores to define parallelism)
Rules claiming more threads will be scaled down.
Job stats:
job               count
--------------  -------
all                   1
tRNAscan              1
tRNAscan_stats        1
total                 3

Select jobs to execute...
Execute 1 jobs...

[Sat Dec 23 13:43:39 2023]
localrule tRNAscan_stats:
    input: resource/G_intestinalis.fasta
    output: output/G_intestinalis.tRNA, output/G_intestinalis.stats
    jobid: 2
    reason: Missing output files: output/G_intestinalis.tRNA
    resources: tmpdir=/tmp

Activating conda environment: .snakemake/conda/99829d99be0d8fee17af1178a8131fb5_
Activating conda environment: .snakemake/conda/99829d99be0d8fee17af1178a8131fb5_
[Sat Dec 23 13:44:14 2023]
Finished job 2.
1 of 3 steps (33%) done
Select jobs to execute...
Execute 1 jobs...

[Sat Dec 23 13:44:14 2023]
localrule tRNAscan:
    input: resource/G_intestinalis.fasta
    output: output/tRNA_scan_result.txt
    jobid: 1
    reason: Missing output files: output/tRNA_scan_result.txt
    resources: tmpdir=/tmp

bash scripts/tRNAscan.sh resource/G_intestinalis.fasta output/tRNA_scan_result.txt
[Sat Dec 23 13:44:14 2023]
Error in rule tRNAscan:
    jobid: 1
    input: resource/G_intestinalis.fasta
    output: output/tRNA_scan_result.txt
    shell:
        bash scripts/tRNAscan.sh resource/G_intestinalis.fasta output/tRNA_scan_result.txt
        (one of the commands exited with non-zero exit code; note that snakemake uses bash strict mode!)

Shutting down, this might take some time.
Exiting because a job execution failed. Look above for error message
Complete log: .snakemake/log/2023-12-23T134338.031195.snakemake.log
WorkflowError:
At least one job did not complete successfully.
