Building DAG of jobs...
Retrieving input from storage.
Using shell: /usr/bin/bash
Provided cores: 1 (use --cores to define parallelism)
Rules claiming more threads will be scaled down.
Job stats:
job               count
--------------  -------
all                   1
tRNAscan              1
tRNAscan_stats        1
total                 3

Select jobs to execute...
Execute 1 jobs...

[Sat Dec 23 13:57:03 2023]
localrule tRNAscan_stats:
    input: resource/G_intestinalis.fasta
    output: output/G_intestinalis.tRNA, output/G_intestinalis.stats
    jobid: 2
    reason: Missing output files: output/G_intestinalis.tRNA
    resources: tmpdir=/tmp

Activating conda environment: .snakemake/conda/99829d99be0d8fee17af1178a8131fb5_
Activating conda environment: .snakemake/conda/99829d99be0d8fee17af1178a8131fb5_
[Sat Dec 23 13:57:45 2023]
Finished job 2.
1 of 3 steps (33%) done
Select jobs to execute...
Execute 1 jobs...

[Sat Dec 23 13:57:45 2023]
localrule tRNAscan:
    input: resource/G_intestinalis.fasta
    output: output/tRNA_scan_result.txt
    jobid: 1
    reason: Missing output files: output/tRNA_scan_result.txt
    resources: tmpdir=/tmp

bash scripts/tRNAscan.sh resource/G_intestinalis.fasta output/tRNA_scan_result.txt
Activating conda environment: .snakemake/conda/99829d99be0d8fee17af1178a8131fb5_
[Sat Dec 23 13:58:35 2023]
Finished job 1.
2 of 3 steps (67%) done
Select jobs to execute...
Execute 1 jobs...

[Sat Dec 23 13:58:35 2023]
localrule all:
    input: output/tRNA_scan_result.txt, output/G_intestinalis.tRNA
    jobid: 0
    reason: Input files updated by another job: output/G_intestinalis.tRNA, output/tRNA_scan_result.txt
    resources: tmpdir=/tmp

[Sat Dec 23 13:58:35 2023]
Finished job 0.
3 of 3 steps (100%) done
Complete log: .snakemake/log/2023-12-23T135659.631673.snakemake.log
