Building DAG of jobs...
Your conda installation is not configured to use strict channel priorities. This is however crucial for having robust and correct environments (for details, see https://conda-forge.org/docs/user/tipsandtricks.html). Please consider to configure strict priorities by executing 'conda config --set channel_priority strict'.
Creating conda environment env/env.yaml...
Downloading and installing remote packages.
Environment for /home/alperen_uysal/projects_ubuntu/alperen_miuul/env/env.yaml created (location: .snakemake/conda/779961c0d30c3d4eae205fa421cb1c2e_)
Retrieving input from storage.
Using shell: /usr/bin/bash
Provided cores: 1 (use --cores to define parallelism)
Rules claiming more threads will be scaled down.
Job stats:
job               count
--------------  -------
all                   1
tRNAscan              1
tRNAscan_stats        1
total                 3

Select jobs to execute...
Execute 1 jobs...

[Sat Dec 23 13:34:04 2023]
localrule tRNAscan_stats:
    input: resource/G_intestinalis.fasta
    output: output/G_intestinalis.tRNA, output/G_intestinalis.stats
    jobid: 2
    reason: Missing output files: output/G_intestinalis.tRNA
    resources: tmpdir=/tmp

Activating conda environment: .snakemake/conda/779961c0d30c3d4eae205fa421cb1c2e_
RuleException:
CalledProcessError in file /home/alperen_uysal/projects_ubuntu/alperen_miuul/Snakefile, line 21:
Command 'source /home/alperen_uysal/miniconda3/bin/activate '/home/alperen_uysal/projects_ubuntu/alperen_miuul/.snakemake/conda/779961c0d30c3d4eae205fa421cb1c2e_'; set -euo pipefail;  /home/alperen_uysal/miniconda3/envs/snakemake/bin/python3.12 /home/alperen_uysal/projects_ubuntu/alperen_miuul/.snakemake/scripts/tmptr62hyfx.tRNAscan_stats.py' returned non-zero exit status 1.
[Sat Dec 23 13:34:04 2023]
Error in rule tRNAscan_stats:
    jobid: 2
    input: resource/G_intestinalis.fasta
    output: output/G_intestinalis.tRNA, output/G_intestinalis.stats
    conda-env: /home/alperen_uysal/projects_ubuntu/alperen_miuul/.snakemake/conda/779961c0d30c3d4eae205fa421cb1c2e_

Shutting down, this might take some time.
Exiting because a job execution failed. Look above for error message
Complete log: .snakemake/log/2023-12-23T133323.886602.snakemake.log
WorkflowError:
At least one job did not complete successfully.
