Building DAG of jobs...
Creating conda environment env/env.yaml...
Downloading and installing remote packages.
CreateCondaEnvironmentException:
Could not create conda environment from /home/alperen_uysal/projects_ubuntu/alperen_miuul/env/env.yaml:
Command:
mamba env create --quiet --file "/home/alperen_uysal/projects_ubuntu/alperen_miuul/.snakemake/conda/070b6b71009287b9aea43b0e7d795ec3_.yaml" --prefix "/home/alperen_uysal/projects_ubuntu/alperen_miuul/.snakemake/conda/070b6b71009287b9aea43b0e7d795ec3_"
Output:
warning  libmamba Could not parse mod/etag header
warning  libmamba Could not parse mod/etag header
warning  libmamba Could not parse mod/etag header
warning  libmamba Could not parse mod/etag header
warning  libmamba Could not parse mod/etag header
warning  libmamba Could not parse mod/etag header
warning  libmamba Could not parse mod/etag header
warning  libmamba Could not parse mod/etag header
warning  libmamba Could not parse mod/etag header
warning  libmamba Could not parse mod/etag header
Could not solve for environment specs
Encountered problems while solving:
  - package mamba-0.1.0-py27hc9558a2_2 requires conda >=4.7.12,<4.13.0a0, but none of the providers can be installed
  - nothing provides _python_rc needed by python-3.12.0rc3-rc3_hab00c5b_1_cpython

The environment can't be solved, aborting the operation


