Building DAG of jobs...
Creating conda environment env/env.yaml...
Downloading and installing remote packages.
Environment for /home/alperen_uysal/projects_ubuntu/alperen_miuul/env/env.yaml created (location: .snakemake/conda/8b7e1ae8dcee9e408cc8e2fe1a514a61_)
Retrieving input from storage.
Using shell: /usr/bin/bash
Provided cores: 1 (use --cores to define parallelism)
Rules claiming more threads will be scaled down.
Job stats:
job                        count
-----------------------  -------
all                            1
tRNAscan_stats_wildcard        1
total                          2

Select jobs to execute...
Execute 1 jobs...

[Thu Jan  4 23:03:05 2024]
localrule tRNAscan_stats_wildcard:
    input: resource/genome/G_muris.fasta
    output: output/tRNAscan/G_muris.tRNA, output/tRNAscan/G_muris.stats
    jobid: 1
    reason: Missing output files: output/tRNAscan/G_muris.tRNA
    wildcards: genome=G_muris
    resources: tmpdir=/tmp

Activating conda environment: .snakemake/conda/8b7e1ae8dcee9e408cc8e2fe1a514a61_
Environment defines Python version < 3.7. Using Python of the main process to execute script. Note that this cannot be avoided, because the script uses data structures from Snakemake which are Python >=3.7 only.
Activating conda environment: .snakemake/conda/8b7e1ae8dcee9e408cc8e2fe1a514a61_
[Thu Jan  4 23:03:49 2024]
Finished job 1.
1 of 2 steps (50%) done
Select jobs to execute...
Execute 1 jobs...

[Thu Jan  4 23:03:49 2024]
localrule all:
    input: output/tRNAscan/G_muris.tRNA, output/tRNAscan/G_intestinalis.tRNA
    jobid: 0
    reason: Input files updated by another job: output/tRNAscan/G_muris.tRNA
    resources: tmpdir=/tmp

[Thu Jan  4 23:03:49 2024]
Finished job 0.
2 of 2 steps (100%) done
Complete log: .snakemake/log/2024-01-04T230122.870647.snakemake.log
